python.exe .\main.py
INFO:root:GetTopic OK: can_subscribe=True schema_id=RWyditSbYlM2BAnFfzN7wQ
INFO:root:Subscribing to topic: /data/EventChangeEvent
INFO:root:Subscriber running. Press Ctrl+C to exit.
INFO:root:Received batch of 1 event(s).
INFO:root:1...
INFO:root:Event attributes: ['ByteSize', 'Clear', 'ClearExtension', 'ClearField', 'CopyFrom', 'DESCRIPTOR', 'DiscardUnknownFields', 'FindInitializationErrors', 'FromString', 'HasExtension', 'HasField', 'IsInitialized', 'ListFields', 'MergeFrom', 'MergeFromString', 'ParseFromString', 'SerializePartialToString', 'SerializeToString', 'SetInParent', 'UnknownFields', 'WhichOneof', '_CheckCalledFromGeneratedFile', '_ListFieldsItemKey', '_SetListener', '__class__', '__contains__', '__deepcopy__', '__delattr__', '__dir__', '__doc__', '__eq__', '__firstlineno__', '__format__', '__ge__', '__getattribute__', '__getstate__', '__gt__', '__hash__', '__init__', '__init_subclass__', '__le__', '__lt__', '__module__', '__ne__', '__new__', '__reduce__', '__reduce_ex__', '__repr__', '__setattr__', '__setstate__', '__sizeof__', '__slots__', '__static_attributes__', '__str__', '__subclasshook__', '__unicode__', 'event', 'replay_id']
INFO:root:Event details: {'DESCRIPTOR': <google._upb._message.Descriptor object at 0x0000021AD03BBAB0>, '__module__': 'pubsub_api_pb2', '__slots__': (), '__doc__': None}
INFO:root:Field: event | Value: id: "62847bc3-d9af-4335-b9b6-1c3c06df0715"
schema_id: "RWyditSbYlM2BAnFfzN7wQ"
payload: "\nEvent\002$00UPo00000W0I4HMAV\000\002hcom/salesforce/api/soap/64.0;client=SfdcInternalAPI/H000003ca-3aad-68b2-1959-9e233ade972e\002\240\314\303\247\241f\206\200\370\324\242\201\274\3410$005Po00000RDCobIAH\000\000\002\0140x2000\000\000\000\000\000\000\000\000\000\000\000\000\000\002$0013t00002hGq2sAAC\000\000\000\000\000\000\000\000\000\000\000\000\000\000\000\000\000\000\000\000\000\000\000\000\000\000\000\000\000\000\000\000\000\000\000\000\000\000\000\000\000\000\000\000\000\000\000\000\000\000\000\000\000\000\000\000\000\000\000\000\000\000\000\000\000\000\000\000\000\000\000\000\000\000\000\000\000\000\000\000\000\000\000\000\000\000"

INFO:root:Field: replay_id | Value: b'\x00\x00\x00\x00\x00\xe5\xdbP\x00\x00'
WARNING:root:event_payload not found in event. Skipping.
INFO:root:Received batch of 6 event(s).
INFO:root:1...
INFO:root:Event attributes: ['ByteSize', 'Clear', 'ClearExtension', 'ClearField', 'CopyFrom', 'DESCRIPTOR', 'DiscardUnknownFields', 'FindInitializationErrors', 'FromString', 'HasExtension', 'HasField', 'IsInitialized', 'ListFields', 'MergeFrom', 'MergeFromString', 'ParseFromString', 'SerializePartialToString', 'SerializeToString', 'SetInParent', 'UnknownFields', 'WhichOneof', '_CheckCalledFromGeneratedFile', '_ListFieldsItemKey', '_SetListener', '__class__', '__contains__', '__deepcopy__', '__delattr__', '__dir__', '__doc__', '__eq__', '__firstlineno__', '__format__', '__ge__', '__getattribute__', '__getstate__', '__gt__', '__hash__', '__init__', '__init_subclass__', '__le__', '__lt__', '__module__', '__ne__', '__new__', '__reduce__', '__reduce_ex__', '__repr__', '__setattr__', '__setstate__', '__sizeof__', '__slots__', '__static_attributes__', '__str__', '__subclasshook__', '__unicode__', 'event', 'replay_id']
INFO:root:Event details: {'DESCRIPTOR': <google._upb._message.Descriptor object at 0x0000021AD03BBAB0>, '__module__': 'pubsub_api_pb2', '__slots__': (), '__doc__': None}
INFO:root:Field: event | Value: id: "d2c263a7-a586-454b-90b7-a13f816fe5c5"
schema_id: "RWyditSbYlM2BAnFfzN7wQ"
payload: "\nEvent\002$00UPo00000cix3JMAQ\000\0028com/salesforce/api/rest/51.0H000362de-ea32-7b86-83d1-69ddf05f1520\002\240\275\310\247\241f\202\200\207\351\300\203\274\3410$005Po00000PoT5FIAV\000\000\002\0200x800000\000\000\000\000\000\000\000\000\000\000\000\000\000\000\000\000\000\000\000\000\000\000\000\002\240\275\310\247\241f\000\000\000\000\000\000\000\000\000\000\000\000\000\000\000\000\000\000\000\000\000\000\000\000\000\000\000\000\000\000\000\000\000\000\000\000\000\000\000\000\000\000\000\000\000\000\000\000\000\000\000\000\000\000\000\000\000\000\000\000\000\000\000\000\000\000\000\000\000\000\000\000\000\000\000\000"

INFO:root:Field: replay_id | Value: b'\x00\x00\x00\x00\x00\xe5\xdbV\x00\x00'
WARNING:root:event_payload not found in event. Skipping.
INFO:root:1...
INFO:root:Event attributes: ['ByteSize', 'Clear', 'ClearExtension', 'ClearField', 'CopyFrom', 'DESCRIPTOR', 'DiscardUnknownFields', 'FindInitializationErrors', 'FromString', 'HasExtension', 'HasField', 'IsInitialized', 'ListFields', 'MergeFrom', 'MergeFromString', 'ParseFromString', 'SerializePartialToString', 'SerializeToString', 'SetInParent', 'UnknownFields', 'WhichOneof', '_CheckCalledFromGeneratedFile', '_ListFieldsItemKey', '_SetListener', '__class__', '__contains__', '__deepcopy__', '__delattr__', '__dir__', '__doc__', '__eq__', '__firstlineno__', '__format__', '__ge__', '__getattribute__', '__getstate__', '__gt__', '__hash__', '__init__', '__init_subclass__', '__le__', '__lt__', '__module__', '__ne__', '__new__', '__reduce__', '__reduce_ex__', '__repr__', '__setattr__', '__setstate__', '__sizeof__', '__slots__', '__static_attributes__', '__str__', '__subclasshook__', '__unicode__', 'event', 'replay_id']
INFO:root:Event details: {'DESCRIPTOR': <google._upb._message.Descriptor object at 0x0000021AD03BBAB0>, '__module__': 'pubsub_api_pb2', '__slots__': (), '__doc__': None}
INFO:root:Field: event | Value: id: "b90cbb26-1494-40a8-9649-9cbae66c318c"
schema_id: "RWyditSbYlM2BAnFfzN7wQ"
payload: "\nEvent\004$00UPo00000d5SIAMA2$00UPo00000d5SIBMA2\000\0048com/salesforce/api/rest/51.0H000362de-ea32-7b86-83d1-69ddf05f1520\004\240\275\310\247\241f\202\200\207\351\300\203\274\3410$005Po00000PoT5FIAV\000\000\000\000\000\000\000\000\000\000\000\000\000\000\000\000\000\000\000\000\000\000\000\000\000\000\000\000\000\000\000\000\000\000\000\000\000\000\000\000\000\000\000\000\000\000\000\000\000\000\000\000\000\000\000\000\000\000\000\000\000\000\000\000\000\000\000\000\000\000\000\000\000\000\000\000\000\000\000\000\000\000\000\000\000\000\000\000\000\000\000\000\000\000\000\000\000\000\000\000\000\000"

INFO:root:Field: replay_id | Value: b'\x00\x00\x00\x00\x00\xe5\xdbW\x00\x00'
WARNING:root:event_payload not found in event. Skipping.
INFO:root:1...
INFO:root:Event attributes: ['ByteSize', 'Clear', 'ClearExtension', 'ClearField', 'CopyFrom', 'DESCRIPTOR', 'DiscardUnknownFields', 'FindInitializationErrors', 'FromString', 'HasExtension', 'HasField', 'IsInitialized', 'ListFields', 'MergeFrom', 'MergeFromString', 'ParseFromString', 'SerializePartialToString', 'SerializeToString', 'SetInParent', 'UnknownFields', 'WhichOneof', '_CheckCalledFromGeneratedFile', '_ListFieldsItemKey', '_SetListener', '__class__', '__contains__', '__deepcopy__', '__delattr__', '__dir__', '__doc__', '__eq__', '__firstlineno__', '__format__', '__ge__', '__getattribute__', '__getstate__', '__gt__', '__hash__', '__init__', '__init_subclass__', '__le__', '__lt__', '__module__', '__ne__', '__new__', '__reduce__', '__reduce_ex__', '__repr__', '__setattr__', '__setstate__', '__sizeof__', '__slots__', '__static_attributes__', '__str__', '__subclasshook__', '__unicode__', 'event', 'replay_id']
INFO:root:Event details: {'DESCRIPTOR': <google._upb._message.Descriptor object at 0x0000021AD03BBAB0>, '__module__': 'pubsub_api_pb2', '__slots__': (), '__doc__': None}
INFO:root:Field: event | Value: id: "194ce96f-1754-45a5-9aa3-a2c04dad35fe"
schema_id: "RWyditSbYlM2BAnFfzN7wQ"
payload: "\nEvent\002$00UPo00000cix3JMAQ\000\0028com/salesforce/api/rest/51.0H000362de-ea32-7b86-83d1-69ddf05f1520\006\240\275\310\247\241f\202\200\207\351\300\203\274\3410$005Po00000PoT5FIAV\000\000\002\0200x900000\000\000\000\000\000\000\000\000\000\000\000\000\000\000\000\000\000\000\000\000\002\0020\000\000\002\240\275\310\247\241f\000\000\000\000\000\000\000\000\000\000\000\000\000\000\000\000\000\000\000\000\000\000\000\000\000\000\000\000\000\000\000\000\000\000\000\000\000\000\000\000\000\000\000\000\000\000\000\000\000\000\000\000\000\000\000\000\000\000\000\000\000\000\000\000\000\000\000\000\000\000\000\000\000\000\000\000"

INFO:root:Field: replay_id | Value: b'\x00\x00\x00\x00\x00\xe5\xdbX\x00\x00'
WARNING:root:event_payload not found in event. Skipping.
INFO:root:1...
INFO:root:Event attributes: ['ByteSize', 'Clear', 'ClearExtension', 'ClearField', 'CopyFrom', 'DESCRIPTOR', 'DiscardUnknownFields', 'FindInitializationErrors', 'FromString', 'HasExtension', 'HasField', 'IsInitialized', 'ListFields', 'MergeFrom', 'MergeFromString', 'ParseFromString', 'SerializePartialToString', 'SerializeToString', 'SetInParent', 'UnknownFields', 'WhichOneof', '_CheckCalledFromGeneratedFile', '_ListFieldsItemKey', '_SetListener', '__class__', '__contains__', '__deepcopy__', '__delattr__', '__dir__', '__doc__', '__eq__', '__firstlineno__', '__format__', '__ge__', '__getattribute__', '__getstate__', '__gt__', '__hash__', '__init__', '__init_subclass__', '__le__', '__lt__', '__module__', '__ne__', '__new__', '__reduce__', '__reduce_ex__', '__repr__', '__setattr__', '__setstate__', '__sizeof__', '__slots__', '__static_attributes__', '__str__', '__subclasshook__', '__unicode__', 'event', 'replay_id']
INFO:root:Event details: {'DESCRIPTOR': <google._upb._message.Descriptor object at 0x0000021AD03BBAB0>, '__module__': 'pubsub_api_pb2', '__slots__': (), '__doc__': None}
INFO:root:Field: event | Value: id: "43116550-9164-4447-a050-bdb127d361b6"
schema_id: "RWyditSbYlM2BAnFfzN7wQ"
payload: "\nEvent\002$00UPo00000dtIHBMA2\000\0028com/salesforce/api/rest/51.0H0000526a-fe90-adc4-a16f-6a9684db954d\002\240\275\310\247\241f\202\200\257\362\301\203\274\3410$005Po00000PoT5FIAV\000\000\002\0200x800000\000\000\000\000\000\000\000\000\000\000\000\000\000\000\000\000\000\000\000\000\000\000\000\002\240\275\310\247\241f\000\000\000\000\000\000\000\000\000\000\000\000\000\000\000\000\000\000\000\000\000\000\000\000\000\000\000\000\000\000\000\000\000\000\000\000\000\000\000\000\000\000\000\000\000\000\000\000\000\000\000\000\000\000\000\000\000\000\000\000\000\000\000\000\000\000\000\000\000\000\000\000\000\000\000\000"

INFO:root:Field: replay_id | Value: b'\x00\x00\x00\x00\x00\xe5\xdbZ\x00\x00'
WARNING:root:event_payload not found in event. Skipping.
INFO:root:1...
INFO:root:Event attributes: ['ByteSize', 'Clear', 'ClearExtension', 'ClearField', 'CopyFrom', 'DESCRIPTOR', 'DiscardUnknownFields', 'FindInitializationErrors', 'FromString', 'HasExtension', 'HasField', 'IsInitialized', 'ListFields', 'MergeFrom', 'MergeFromString', 'ParseFromString', 'SerializePartialToString', 'SerializeToString', 'SetInParent', 'UnknownFields', 'WhichOneof', '_CheckCalledFromGeneratedFile', '_ListFieldsItemKey', '_SetListener', '__class__', '__contains__', '__deepcopy__', '__delattr__', '__dir__', '__doc__', '__eq__', '__firstlineno__', '__format__', '__ge__', '__getattribute__', '__getstate__', '__gt__', '__hash__', '__init__', '__init_subclass__', '__le__', '__lt__', '__module__', '__ne__', '__new__', '__reduce__', '__reduce_ex__', '__repr__', '__setattr__', '__setstate__', '__sizeof__', '__slots__', '__static_attributes__', '__str__', '__subclasshook__', '__unicode__', 'event', 'replay_id']
INFO:root:Event details: {'DESCRIPTOR': <google._upb._message.Descriptor object at 0x0000021AD03BBAB0>, '__module__': 'pubsub_api_pb2', '__slots__': (), '__doc__': None}
INFO:root:Field: event | Value: id: "cf3a4a6e-7934-479d-bfbd-2a84fe8c7cca"
schema_id: "RWyditSbYlM2BAnFfzN7wQ"
payload: "\nEvent\006$00UPo00000dw0veMAA$00UPo00000dw0vfMAA$00UPo00000dw0vgMAA\000\0048com/salesforce/api/rest/51.0H0000526a-fe90-adc4-a16f-6a9684db954d\004\240\275\310\247\241f\202\200\257\362\301\203\274\3410$005Po00000PoT5FIAV\000\000\000\000\000\000\000\000\000\000\000\000\000\000\000\000\000\000\000\000\000\000\000\000\000\000\000\000\000\000\000\000\000\000\000\000\000\000\000\000\000\000\000\000\000\000\000\000\000\000\000\000\000\000\000\000\000\000\000\000\000\000\000\000\000\000\000\000\000\000\000\000\000\000\000\000\000\000\000\000\000\000\000\000\000\000\000\000\000\000\000\000\000\000\000\000\000\000\000\000\000\000"

INFO:root:Field: replay_id | Value: b'\x00\x00\x00\x00\x00\xe5\xdb[\x00\x00'
WARNING:root:event_payload not found in event. Skipping.
INFO:root:1...
INFO:root:Event attributes: ['ByteSize', 'Clear', 'ClearExtension', 'ClearField', 'CopyFrom', 'DESCRIPTOR', 'DiscardUnknownFields', 'FindInitializationErrors', 'FromString', 'HasExtension', 'HasField', 'IsInitialized', 'ListFields', 'MergeFrom', 'MergeFromString', 'ParseFromString', 'SerializePartialToString', 'SerializeToString', 'SetInParent', 'UnknownFields', 'WhichOneof', '_CheckCalledFromGeneratedFile', '_ListFieldsItemKey', '_SetListener', '__class__', '__contains__', '__deepcopy__', '__delattr__', '__dir__', '__doc__', '__eq__', '__firstlineno__', '__format__', '__ge__', '__getattribute__', '__getstate__', '__gt__', '__hash__', '__init__', '__init_subclass__', '__le__', '__lt__', '__module__', '__ne__', '__new__', '__reduce__', '__reduce_ex__', '__repr__', '__setattr__', '__setstate__', '__sizeof__', '__slots__', '__static_attributes__', '__str__', '__subclasshook__', '__unicode__', 'event', 'replay_id']
INFO:root:Event details: {'DESCRIPTOR': <google._upb._message.Descriptor object at 0x0000021AD03BBAB0>, '__module__': 'pubsub_api_pb2', '__slots__': (), '__doc__': None}
INFO:root:Field: event | Value: id: "291786b6-5fc6-4b88-8b47-5579765d5417"
schema_id: "RWyditSbYlM2BAnFfzN7wQ"
payload: "\nEvent\002$00UPo00000dtIHBMA2\000\0028com/salesforce/api/rest/51.0H0000526a-fe90-adc4-a16f-6a9684db954d\006\240\275\310\247\241f\202\200\257\362\301\203\274\3410$005Po00000PoT5FIAV\000\000\002\0200x900000\000\000\000\000\000\000\000\000\000\000\000\000\000\000\000\000\000\000\000\000\002\0020\000\000\002\240\275\310\247\241f\000\000\000\000\000\000\000\000\000\000\000\000\000\000\000\000\000\000\000\000\000\000\000\000\000\000\000\000\000\000\000\000\000\000\000\000\000\000\000\000\000\000\000\000\000\000\000\000\000\000\000\000\000\000\000\000\000\000\000\000\000\000\000\000\000\000\000\000\000\000\000\000\000\000\000\000"

INFO:root:Field: replay_id | Value: b'\x00\x00\x00\x00\x00\xe5\xdb\\\x00\x00'
WARNING:root:event_payload not found in event. Skipping.
INFO:root:Received batch of 4 event(s).
INFO:root:1...
INFO:root:Event attributes: ['ByteSize', 'Clear', 'ClearExtension', 'ClearField', 'CopyFrom', 'DESCRIPTOR', 'DiscardUnknownFields', 'FindInitializationErrors', 'FromString', 'HasExtension', 'HasField', 'IsInitialized', 'ListFields', 'MergeFrom', 'MergeFromString', 'ParseFromString', 'SerializePartialToString', 'SerializeToString', 'SetInParent', 'UnknownFields', 'WhichOneof', '_CheckCalledFromGeneratedFile', '_ListFieldsItemKey', '_SetListener', '__class__', '__contains__', '__deepcopy__', '__delattr__', '__dir__', '__doc__', '__eq__', '__firstlineno__', '__format__', '__ge__', '__getattribute__', '__getstate__', '__gt__', '__hash__', '__init__', '__init_subclass__', '__le__', '__lt__', '__module__', '__ne__', '__new__', '__reduce__', '__reduce_ex__', '__repr__', '__setattr__', '__setstate__', '__sizeof__', '__slots__', '__static_attributes__', '__str__', '__subclasshook__', '__unicode__', 'event', 'replay_id']
INFO:root:Event details: {'DESCRIPTOR': <google._upb._message.Descriptor object at 0x0000021AD03BBAB0>, '__module__': 'pubsub_api_pb2', '__slots__': (), '__doc__': None}
INFO:root:Field: event | Value: id: "0c6dec0d-ce84-4d81-aa06-71e660e8a3c3"
schema_id: "RWyditSbYlM2BAnFfzN7wQ"
payload: "\nEvent\002$00UPo00000cix3JMAQ\000\0028com/salesforce/api/rest/51.0H000003d4-1023-8a3d-90af-15be99019b36\002\300\334\310\247\241f\204\200\230\330\313\203\274\3410$005Po00000PoT5FIAV\000\000\002\0200x900000\000\000\000\000\000\000\000\000\000\000\000\000\000\000\000\000\000\000\000\000\002\0021\000\000\002\300\334\310\247\241f\000\000\000\000\000\000\000\000\000\000\000\000\000\000\000\000\000\000\000\000\000\000\000\000\000\000\000\000\000\000\000\000\000\000\000\000\000\000\000\000\000\000\000\000\000\000\000\000\000\000\000\000\000\000\000\000\000\000\000\000\000\000\000\000\000\000\000\000\000\000\000\000\000\000\000\000"

INFO:root:Field: replay_id | Value: b'\x00\x00\x00\x00\x00\xe5\xdb^\x00\x00'
WARNING:root:event_payload not found in event. Skipping.
INFO:root:1...
INFO:root:Event attributes: ['ByteSize', 'Clear', 'ClearExtension', 'ClearField', 'CopyFrom', 'DESCRIPTOR', 'DiscardUnknownFields', 'FindInitializationErrors', 'FromString', 'HasExtension', 'HasField', 'IsInitialized', 'ListFields', 'MergeFrom', 'MergeFromString', 'ParseFromString', 'SerializePartialToString', 'SerializeToString', 'SetInParent', 'UnknownFields', 'WhichOneof', '_CheckCalledFromGeneratedFile', '_ListFieldsItemKey', '_SetListener', '__class__', '__contains__', '__deepcopy__', '__delattr__', '__dir__', '__doc__', '__eq__', '__firstlineno__', '__format__', '__ge__', '__getattribute__', '__getstate__', '__gt__', '__hash__', '__init__', '__init_subclass__', '__le__', '__lt__', '__module__', '__ne__', '__new__', '__reduce__', '__reduce_ex__', '__repr__', '__setattr__', '__setstate__', '__sizeof__', '__slots__', '__static_attributes__', '__str__', '__subclasshook__', '__unicode__', 'event', 'replay_id']
INFO:root:Event details: {'DESCRIPTOR': <google._upb._message.Descriptor object at 0x0000021AD03BBAB0>, '__module__': 'pubsub_api_pb2', '__slots__': (), '__doc__': None}
INFO:root:Field: event | Value: id: "5c59ef88-f4ec-4db5-b5ed-d335af1c6faf"
schema_id: "RWyditSbYlM2BAnFfzN7wQ"
payload: "\nEvent\002$00UPo00000e5EZaMAM\000\0008com/salesforce/api/rest/51.0H000003d4-1023-8a3d-90af-15be99019b36\004\300\334\310\247\241f\204\200\230\330\313\203\274\3410$005Po00000PoT5FIAV\000\000\000\002$012Po00000970yzIAA\002$0033t00004Dm3qwAAB\002$001Po00000bP6vMIAS\002\004\002\002\002nBlue Owl & Tomoro | \"ODIT\" Digital Infrastructure Intro\000\002\000\002\200\274\267\320\242f\002\200\220\257\240\242f\002<\002\320\017( https://zoom.com/ )\n\nHi there,\n\nAlexander Barney is inviting you to a scheduled Zoom meeting.\n\nJoin Zoom\nMeeting ( https://blueowl.zoom.us/j/98590704926?pwd=at2u7u5nLL5f46ZHS6subbLJPUiCiA.1 )\n\nOne tap mobile:\n\nUS:\n+16469313860,,98590704926#,,,,*741905# ( tel:+16469313860,,98590704926#,,,,*741905# )\nor +19294362866,,98590704926#,,,,*741905# ( tel:+19294362866,,98590704926#,,,,*741905# )\n\nMeeting URL:\n\nhttps://blueowl.zoom.us/j/98590704926?pwd=at2u7u5nLL5f46ZHS6subbLJPUiCiA.1 ( https://blueowl.zoom.us/j/98590704926?pwd=at2u7u5nLL5f46ZHS6subbLJPUiCiA.1 )\n\nMeeting ID:\n\n985 9070 4926\n\nPasscode:\n\n741905\n\nJoin by Telephone\n\nFor higher quality, dial a number based on your current location.\n\nDial:\n\n+1 646 931 3860 US\n\n+1 929 436 2866 US (New York)\n\n+1 309 205 3325 US\n\n+1 312 626 6799 US (Chicago)\n\n+1 301 715 8592 US (Washington DC)\n\n+1 305 224 1968 US\n\n+1 253 215 8782 US (Tacoma)\n\n+1 346 248 7799 US (Houston)\n\n+1 360 209 5623 US\n\n+1 386 347 5053 US\n\n+1 507 473 4847 US\n\n+1 564 217 2000 US\n\n+1 \002$001Po00000bP6vMIAS\002$0053t00000AcFAjAAN\002\016Meeting\002\000\002\010Busy\002\001\002\001\002\0021\002\360\314\310\247\241f\002$005Po00000PoT5FIAV\002\300\334\310\247\241f\002$005Po00000PoT5FIAV\000\002\000\000\000\000\000\000\000\000\000\000\000\002\000\002\000\000\000\000\000\000\000\000\000\000\000\000\000\000\000\000\002$a0vPo00000fLB2TIAW\002\000\000\000\002\000\002\000\000\000\000\002\010Open\000\000\002\000\000\002\016Meeting\000\000\000\000\000\000\000\000\000\000\000\000\000\000\000\000\000\000\000\000\000\000\000\000\000\000\000\000\000\002$005Po00000BzdEDIAZ\000"

INFO:root:Field: replay_id | Value: b'\x00\x00\x00\x00\x00\xe5\xdb_\x00\x00'
WARNING:root:event_payload not found in event. Skipping.
INFO:root:1...
INFO:root:Event attributes: ['ByteSize', 'Clear', 'ClearExtension', 'ClearField', 'CopyFrom', 'DESCRIPTOR', 'DiscardUnknownFields', 'FindInitializationErrors', 'FromString', 'HasExtension', 'HasField', 'IsInitialized', 'ListFields', 'MergeFrom', 'MergeFromString', 'ParseFromString', 'SerializePartialToString', 'SerializeToString', 'SetInParent', 'UnknownFields', 'WhichOneof', '_CheckCalledFromGeneratedFile', '_ListFieldsItemKey', '_SetListener', '__class__', '__contains__', '__deepcopy__', '__delattr__', '__dir__', '__doc__', '__eq__', '__firstlineno__', '__format__', '__ge__', '__getattribute__', '__getstate__', '__gt__', '__hash__', '__init__', '__init_subclass__', '__le__', '__lt__', '__module__', '__ne__', '__new__', '__reduce__', '__reduce_ex__', '__repr__', '__setattr__', '__setstate__', '__sizeof__', '__slots__', '__static_attributes__', '__str__', '__subclasshook__', '__unicode__', 'event', 'replay_id']
INFO:root:Event details: {'DESCRIPTOR': <google._upb._message.Descriptor object at 0x0000021AD03BBAB0>, '__module__': 'pubsub_api_pb2', '__slots__': (), '__doc__': None}
INFO:root:Field: event | Value: id: "81cc88eb-6d1b-49dd-97f7-4d52f409a826"
schema_id: "RWyditSbYlM2BAnFfzN7wQ"
payload: "\nEvent\002$00UPo00000e5EZbMAM\000\0008com/salesforce/api/rest/51.0H000003d4-1023-8a3d-90af-15be99019b36\006\300\334\310\247\241f\204\200\230\330\313\203\274\3410$005Po00000PoT5FIAV\000\000\000\002$012Po00000970yzIAA\002$0033t00004Dm3qwAAB\002$001Po00000bP6vMIAS\002\004\002\002\002nBlue Owl & Tomoro | \"ODIT\" Digital Infrastructure Intro\000\002\000\002\200\274\267\320\242f\002\200\220\257\240\242f\002<\002\320\017( https://zoom.com/ )\n\nHi there,\n\nAlexander Barney is inviting you to a scheduled Zoom meeting.\n\nJoin Zoom\nMeeting ( https://blueowl.zoom.us/j/98590704926?pwd=at2u7u5nLL5f46ZHS6subbLJPUiCiA.1 )\n\nOne tap mobile:\n\nUS:\n+16469313860,,98590704926#,,,,*741905# ( tel:+16469313860,,98590704926#,,,,*741905# )\nor +19294362866,,98590704926#,,,,*741905# ( tel:+19294362866,,98590704926#,,,,*741905# )\n\nMeeting URL:\n\nhttps://blueowl.zoom.us/j/98590704926?pwd=at2u7u5nLL5f46ZHS6subbLJPUiCiA.1 ( https://blueowl.zoom.us/j/98590704926?pwd=at2u7u5nLL5f46ZHS6subbLJPUiCiA.1 )\n\nMeeting ID:\n\n985 9070 4926\n\nPasscode:\n\n741905\n\nJoin by Telephone\n\nFor higher quality, dial a number based on your current location.\n\nDial:\n\n+1 646 931 3860 US\n\n+1 929 436 2866 US (New York)\n\n+1 309 205 3325 US\n\n+1 312 626 6799 US (Chicago)\n\n+1 301 715 8592 US (Washington DC)\n\n+1 305 224 1968 US\n\n+1 253 215 8782 US (Tacoma)\n\n+1 346 248 7799 US (Houston)\n\n+1 360 209 5623 US\n\n+1 386 347 5053 US\n\n+1 507 473 4847 US\n\n+1 564 217 2000 US\n\n+1 \002$001Po00000bP6vMIAS\002$005Po00000BzRTCIA3\002\016Meeting\002\000\002\010Busy\002\001\002\001\002\0021\002\360\314\310\247\241f\002$005Po00000PoT5FIAV\002\300\334\310\247\241f\002$005Po00000PoT5FIAV\000\002\000\000\000\000\000\000\000\000\000\000\000\002\000\002\000\000\000\000\000\000\000\000\000\000\000\000\000\000\000\000\002$a0vPo00000fLB2TIAW\002\000\000\000\002\000\002\000\000\000\000\002\010Open\000\000\002\000\000\002\016Meeting\000\000\000\000\000\000\000\000\000\000\000\000\000\000\000\000\000\000\000\000\000\000\000\000\000\000\000\000\000\002$005Po00000BzdEDIAZ\000"

INFO:root:Field: replay_id | Value: b'\x00\x00\x00\x00\x00\xe5\xdb`\x00\x00'
WARNING:root:event_payload not found in event. Skipping.
INFO:root:1...
INFO:root:Event attributes: ['ByteSize', 'Clear', 'ClearExtension', 'ClearField', 'CopyFrom', 'DESCRIPTOR', 'DiscardUnknownFields', 'FindInitializationErrors', 'FromString', 'HasExtension', 'HasField', 'IsInitialized', 'ListFields', 'MergeFrom', 'MergeFromString', 'ParseFromString', 'SerializePartialToString', 'SerializeToString', 'SetInParent', 'UnknownFields', 'WhichOneof', '_CheckCalledFromGeneratedFile', '_ListFieldsItemKey', '_SetListener', '__class__', '__contains__', '__deepcopy__', '__delattr__', '__dir__', '__doc__', '__eq__', '__firstlineno__', '__format__', '__ge__', '__getattribute__', '__getstate__', '__gt__', '__hash__', '__init__', '__init_subclass__', '__le__', '__lt__', '__module__', '__ne__', '__new__', '__reduce__', '__reduce_ex__', '__repr__', '__setattr__', '__setstate__', '__sizeof__', '__slots__', '__static_attributes__', '__str__', '__subclasshook__', '__unicode__', 'event', 'replay_id']
INFO:root:Event details: {'DESCRIPTOR': <google._upb._message.Descriptor object at 0x0000021AD03BBAB0>, '__module__': 'pubsub_api_pb2', '__slots__': (), '__doc__': None}
INFO:root:Field: event | Value: id: "a614dc0d-54be-4467-b726-64ade437c36e"
schema_id: "RWyditSbYlM2BAnFfzN7wQ"
payload: "\nEvent\002$00UPo00000cix3JMAQ\000\0028com/salesforce/api/rest/51.0H000003d4-1023-8a3d-90af-15be99019b36\010\300\334\310\247\241f\204\200\230\330\313\203\274\3410$005Po00000PoT5FIAV\000\000\002\0200x800000\000\000\000\000\000\000\000\000\000\000\000\000\000\000\000\000\000\000\000\000\000\000\000\002\300\334\310\247\241f\000\000\000\000\000\000\000\000\000\000\000\000\000\000\000\000\000\000\000\000\000\000\000\000\000\000\000\000\000\000\000\000\000\000\000\000\000\000\000\000\000\000\000\000\000\000\000\000\000\000\000\000\000\000\000\000\000\000\000\000\000\000\000\000\000\000\000\000\000\000\000\000\000\000\000\000"

INFO:root:Field: replay_id | Value: b'\x00\x00\x00\x00\x00\xe5\xdba\x00\x00'
WARNING:root:event_payload not found in event. Skipping.
INFO:root:Received batch of 4 event(s).
INFO:root:1...
INFO:root:Event attributes: ['ByteSize', 'Clear', 'ClearExtension', 'ClearField', 'CopyFrom', 'DESCRIPTOR', 'DiscardUnknownFields', 'FindInitializationErrors', 'FromString', 'HasExtension', 'HasField', 'IsInitialized', 'ListFields', 'MergeFrom', 'MergeFromString', 'ParseFromString', 'SerializePartialToString', 'SerializeToString', 'SetInParent', 'UnknownFields', 'WhichOneof', '_CheckCalledFromGeneratedFile', '_ListFieldsItemKey', '_SetListener', '__class__', '__contains__', '__deepcopy__', '__delattr__', '__dir__', '__doc__', '__eq__', '__firstlineno__', '__format__', '__ge__', '__getattribute__', '__getstate__', '__gt__', '__hash__', '__init__', '__init_subclass__', '__le__', '__lt__', '__module__', '__ne__', '__new__', '__reduce__', '__reduce_ex__', '__repr__', '__setattr__', '__setstate__', '__sizeof__', '__slots__', '__static_attributes__', '__str__', '__subclasshook__', '__unicode__', 'event', 'replay_id']
INFO:root:Event details: {'DESCRIPTOR': <google._upb._message.Descriptor object at 0x0000021AD03BBAB0>, '__module__': 'pubsub_api_pb2', '__slots__': (), '__doc__': None}
INFO:root:Field: event | Value: id: "c4ee4091-3731-4a26-9123-cff310c486c5"
schema_id: "RWyditSbYlM2BAnFfzN7wQ"
payload: "\nEvent\002$00UPo00000dtIHBMA2\000\0028com/salesforce/api/rest/51.0H000003dc-065f-3515-1dd2-cf5a709823e0\002\300\334\310\247\241f\202\200\214\211\321\203\274\3410$005Po00000PoT5FIAV\000\000\002\0200x900000\000\000\000\000\000\000\000\000\000\000\000\000\000\000\000\000\000\000\000\000\002\0021\000\000\002\300\334\310\247\241f\000\000\000\000\000\000\000\000\000\000\000\000\000\000\000\000\000\000\000\000\000\000\000\000\000\000\000\000\000\000\000\000\000\000\000\000\000\000\000\000\000\000\000\000\000\000\000\000\000\000\000\000\000\000\000\000\000\000\000\000\000\000\000\000\000\000\000\000\000\000\000\000\000\000\000\000"

INFO:root:Field: replay_id | Value: b'\x00\x00\x00\x00\x00\xe5\xdbc\x00\x00'
WARNING:root:event_payload not found in event. Skipping.
INFO:root:1...
INFO:root:Event attributes: ['ByteSize', 'Clear', 'ClearExtension', 'ClearField', 'CopyFrom', 'DESCRIPTOR', 'DiscardUnknownFields', 'FindInitializationErrors', 'FromString', 'HasExtension', 'HasField', 'IsInitialized', 'ListFields', 'MergeFrom', 'MergeFromString', 'ParseFromString', 'SerializePartialToString', 'SerializeToString', 'SetInParent', 'UnknownFields', 'WhichOneof', '_CheckCalledFromGeneratedFile', '_ListFieldsItemKey', '_SetListener', '__class__', '__contains__', '__deepcopy__', '__delattr__', '__dir__', '__doc__', '__eq__', '__firstlineno__', '__format__', '__ge__', '__getattribute__', '__getstate__', '__gt__', '__hash__', '__init__', '__init_subclass__', '__le__', '__lt__', '__module__', '__ne__', '__new__', '__reduce__', '__reduce_ex__', '__repr__', '__setattr__', '__setstate__', '__sizeof__', '__slots__', '__static_attributes__', '__str__', '__subclasshook__', '__unicode__', 'event', 'replay_id']
INFO:root:Event details: {'DESCRIPTOR': <google._upb._message.Descriptor object at 0x0000021AD03BBAB0>, '__module__': 'pubsub_api_pb2', '__slots__': (), '__doc__': None}
INFO:root:Field: event | Value: id: "7c6232a0-b353-4250-a108-d6d598501824"
schema_id: "RWyditSbYlM2BAnFfzN7wQ"
payload: "\nEvent\002$00UPo00000e5HKXMA2\000\0008com/salesforce/api/rest/51.0H000003dc-065f-3515-1dd2-cf5a709823e0\004\300\334\310\247\241f\202\200\214\211\321\203\274\3410$005Po00000PoT5FIAV\000\000\000\002$012Po00000970yzIAA\002$003Po000009elCwIAI\002$0013t00002hp59FAAQ\002\004\002\002\002~Meeting (Zoom) | Satovksy & Blue Owl 1031 Exchange [11:00am ET]\000\002\000\002\200\206\274\201\242f\002\200\240\374\315\241f\002<\002\320\017( https://zoom.com/ )\n\nHi there,\n\nMax Ruvo is inviting you to a scheduled Zoom meeting.\n\nJoin Zoom Meeting ( https://blueowl.zoom.us/j/95571432447 )\n\nOne tap mobile:\n\nUS:\n+19294362866,,95571432447# ( tel:+19294362866,,95571432447 )\nor +16469313860,,95571432447# ( tel:+16469313860,,95571432447 )\n\nMeeting URL:\n\nhttps://blueowl.zoom.us/j/95571432447 ( https://blueowl.zoom.us/j/95571432447 )\n\nMeeting ID:\n\n955 7143 2447\n\nJoin by Telephone\n\nFor higher quality, dial a number based on your current location.\n\nDial:\n\n+1 929 436 2866 US (New York)\n\n+1 646 931 3860 US\n\n+1 305 224 1968 US\n\n+1 309 205 3325 US\n\n+1 312 626 6799 US (Chicago)\n\n+1 301 715 8592 US (Washington DC)\n\n+1 386 347 5053 US\n\n+1 507 473 4847 US\n\n+1 564 217 2000 US\n\n+1 669 444 9171 US\n\n+1 669 900 6833 US (San Jose)\n\n+1 689 278 1000 US\n\n+1 719 359 4580 US\n\n+1 253 205 0468 US\n\n+1 253 215 8782 US (Tacoma)\n\n+1 346 248 7799 US (Houston)\n\n+1 360 209 5623 US\n\n+44 330 088 5830 United Kingdom\n\n+44 131 460 1196 United Kingdom\n\n+44 203 481 52\002$0013t00002hp59FAAQ\002$0053t00000AcFAjAAN\002\016Meeting\002\000\002\010Busy\002\001\002\001\002\0021\002\300\334\310\247\241f\002$005Po00000PoT5FIAV\002\300\334\310\247\241f\002$005Po00000PoT5FIAV\000\002\000\000\000\000\000\000\000\000\000\000\000\002\000\002\000\000\000\000\000\000\000\000\000\000\000\000\000\000\000\000\002$a0vPo00000gTKO9IAO\002\000\000\000\002\000\002\000\000\000\000\002\010Open\000\000\002\000\000\002\016Meeting\000\000\000\000\000\000\000\000\000\000\000\000\000\000\000\000\000\000\000\000\000\000\000\000\000\000\000\000\000\002$0053t00000AcFA9AAN\000"

INFO:root:Field: replay_id | Value: b'\x00\x00\x00\x00\x00\xe5\xdbd\x00\x00'
WARNING:root:event_payload not found in event. Skipping.
INFO:root:1...
INFO:root:Event attributes: ['ByteSize', 'Clear', 'ClearExtension', 'ClearField', 'CopyFrom', 'DESCRIPTOR', 'DiscardUnknownFields', 'FindInitializationErrors', 'FromString', 'HasExtension', 'HasField', 'IsInitialized', 'ListFields', 'MergeFrom', 'MergeFromString', 'ParseFromString', 'SerializePartialToString', 'SerializeToString', 'SetInParent', 'UnknownFields', 'WhichOneof', '_CheckCalledFromGeneratedFile', '_ListFieldsItemKey', '_SetListener', '__class__', '__contains__', '__deepcopy__', '__delattr__', '__dir__', '__doc__', '__eq__', '__firstlineno__', '__format__', '__ge__', '__getattribute__', '__getstate__', '__gt__', '__hash__', '__init__', '__init_subclass__', '__le__', '__lt__', '__module__', '__ne__', '__new__', '__reduce__', '__reduce_ex__', '__repr__', '__setattr__', '__setstate__', '__sizeof__', '__slots__', '__static_attributes__', '__str__', '__subclasshook__', '__unicode__', 'event', 'replay_id']
INFO:root:Event details: {'DESCRIPTOR': <google._upb._message.Descriptor object at 0x0000021AD03BBAB0>, '__module__': 'pubsub_api_pb2', '__slots__': (), '__doc__': None}
INFO:root:Field: event | Value: id: "8c0438ee-b48d-47ad-b77b-0b355839c465"
schema_id: "RWyditSbYlM2BAnFfzN7wQ"
payload: "\nEvent\002$00UPo00000e5HKYMA2\000\0008com/salesforce/api/rest/51.0H000003dc-065f-3515-1dd2-cf5a709823e0\006\300\334\310\247\241f\202\200\214\211\321\203\274\3410$005Po00000PoT5FIAV\000\000\000\002$012Po00000970yzIAA\002$003Po000009elCwIAI\002$0013t00002hp59FAAQ\002\004\002\002\002~Meeting (Zoom) | Satovksy & Blue Owl 1031 Exchange [11:00am ET]\000\002\000\002\200\206\274\201\242f\002\200\240\374\315\241f\002<\002\320\017( https://zoom.com/ )\n\nHi there,\n\nMax Ruvo is inviting you to a scheduled Zoom meeting.\n\nJoin Zoom Meeting ( https://blueowl.zoom.us/j/95571432447 )\n\nOne tap mobile:\n\nUS:\n+19294362866,,95571432447# ( tel:+19294362866,,95571432447 )\nor +16469313860,,95571432447# ( tel:+16469313860,,95571432447 )\n\nMeeting URL:\n\nhttps://blueowl.zoom.us/j/95571432447 ( https://blueowl.zoom.us/j/95571432447 )\n\nMeeting ID:\n\n955 7143 2447\n\nJoin by Telephone\n\nFor higher quality, dial a number based on your current location.\n\nDial:\n\n+1 929 436 2866 US (New York)\n\n+1 646 931 3860 US\n\n+1 305 224 1968 US\n\n+1 309 205 3325 US\n\n+1 312 626 6799 US (Chicago)\n\n+1 301 715 8592 US (Washington DC)\n\n+1 386 347 5053 US\n\n+1 507 473 4847 US\n\n+1 564 217 2000 US\n\n+1 669 444 9171 US\n\n+1 669 900 6833 US (San Jose)\n\n+1 689 278 1000 US\n\n+1 719 359 4580 US\n\n+1 253 205 0468 US\n\n+1 253 215 8782 US (Tacoma)\n\n+1 346 248 7799 US (Houston)\n\n+1 360 209 5623 US\n\n+44 330 088 5830 United Kingdom\n\n+44 131 460 1196 United Kingdom\n\n+44 203 481 52\002$0013t00002hp59FAAQ\002$005Po00000BzRTCIA3\002\016Meeting\002\000\002\010Busy\002\001\002\001\002\0021\002\300\334\310\247\241f\002$005Po00000PoT5FIAV\002\300\334\310\247\241f\002$005Po00000PoT5FIAV\000\002\000\000\000\000\000\000\000\000\000\000\000\002\000\002\000\000\000\000\000\000\000\000\000\000\000\000\000\000\000\000\002$a0vPo00000gTKO9IAO\002\000\000\000\002\000\002\000\000\000\000\002\010Open\000\000\002\000\000\002\016Meeting\000\000\000\000\000\000\000\000\000\000\000\000\000\000\000\000\000\000\000\000\000\000\000\000\000\000\000\000\000\002$0053t00000AcFA9AAN\000"

INFO:root:Field: replay_id | Value: b'\x00\x00\x00\x00\x00\xe5\xdbe\x00\x00'
WARNING:root:event_payload not found in event. Skipping.
INFO:root:1...
INFO:root:Event attributes: ['ByteSize', 'Clear', 'ClearExtension', 'ClearField', 'CopyFrom', 'DESCRIPTOR', 'DiscardUnknownFields', 'FindInitializationErrors', 'FromString', 'HasExtension', 'HasField', 'IsInitialized', 'ListFields', 'MergeFrom', 'MergeFromString', 'ParseFromString', 'SerializePartialToString', 'SerializeToString', 'SetInParent', 'UnknownFields', 'WhichOneof', '_CheckCalledFromGeneratedFile', '_ListFieldsItemKey', '_SetListener', '__class__', '__contains__', '__deepcopy__', '__delattr__', '__dir__', '__doc__', '__eq__', '__firstlineno__', '__format__', '__ge__', '__getattribute__', '__getstate__', '__gt__', '__hash__', '__init__', '__init_subclass__', '__le__', '__lt__', '__module__', '__ne__', '__new__', '__reduce__', '__reduce_ex__', '__repr__', '__setattr__', '__setstate__', '__sizeof__', '__slots__', '__static_attributes__', '__str__', '__subclasshook__', '__unicode__', 'event', 'replay_id']
INFO:root:Event details: {'DESCRIPTOR': <google._upb._message.Descriptor object at 0x0000021AD03BBAB0>, '__module__': 'pubsub_api_pb2', '__slots__': (), '__doc__': None}
INFO:root:Field: event | Value: id: "103fa73a-b4b0-4b81-bc13-0f9d3d34d584"
schema_id: "RWyditSbYlM2BAnFfzN7wQ"
payload: "\nEvent\002$00UPo00000e5HKZMA2\000\0008com/salesforce/api/rest/51.0H000003dc-065f-3515-1dd2-cf5a709823e0\010\300\334\310\247\241f\202\200\214\211\321\203\274\3410$005Po00000PoT5FIAV\000\000\000\002$012Po00000970yzIAA\002$003Po000009elCwIAI\002$0013t00002hp59FAAQ\002\004\002\002\002~Meeting (Zoom) | Satovksy & Blue Owl 1031 Exchange [11:00am ET]\000\002\000\002\200\206\274\201\242f\002\200\240\374\315\241f\002<\002\320\017( https://zoom.com/ )\n\nHi there,\n\nMax Ruvo is inviting you to a scheduled Zoom meeting.\n\nJoin Zoom Meeting ( https://blueowl.zoom.us/j/95571432447 )\n\nOne tap mobile:\n\nUS:\n+19294362866,,95571432447# ( tel:+19294362866,,95571432447 )\nor +16469313860,,95571432447# ( tel:+16469313860,,95571432447 )\n\nMeeting URL:\n\nhttps://blueowl.zoom.us/j/95571432447 ( https://blueowl.zoom.us/j/95571432447 )\n\nMeeting ID:\n\n955 7143 2447\n\nJoin by Telephone\n\nFor higher quality, dial a number based on your current location.\n\nDial:\n\n+1 929 436 2866 US (New York)\n\n+1 646 931 3860 US\n\n+1 305 224 1968 US\n\n+1 309 205 3325 US\n\n+1 312 626 6799 US (Chicago)\n\n+1 301 715 8592 US (Washington DC)\n\n+1 386 347 5053 US\n\n+1 507 473 4847 US\n\n+1 564 217 2000 US\n\n+1 669 444 9171 US\n\n+1 669 900 6833 US (San Jose)\n\n+1 689 278 1000 US\n\n+1 719 359 4580 US\n\n+1 253 205 0468 US\n\n+1 253 215 8782 US (Tacoma)\n\n+1 346 248 7799 US (Houston)\n\n+1 360 209 5623 US\n\n+44 330 088 5830 United Kingdom\n\n+44 131 460 1196 United Kingdom\n\n+44 203 481 52\002$0013t00002hp59FAAQ\002$005Po00000BzdEDIAZ\002\016Meeting\002\000\002\010Busy\002\001\002\001\002\0021\002\300\334\310\247\241f\002$005Po00000PoT5FIAV\002\300\334\310\247\241f\002$005Po00000PoT5FIAV\000\002\000\000\000\000\000\000\000\000\000\000\000\002\000\002\000\000\000\000\000\000\000\000\000\000\000\000\000\000\000\000\002$a0vPo00000gTKO9IAO\002\000\000\000\002\000\002\000\000\000\000\002\010Open\000\000\002\000\000\002\016Meeting\000\000\000\000\000\000\000\000\000\000\000\000\000\000\000\000\000\000\000\000\000\000\000\000\000\000\000\000\000\002$0053t00000AcFA9AAN\000"

INFO:root:Field: replay_id | Value: b'\x00\x00\x00\x00\x00\xe5\xdbf\x00\x00'
WARNING:root:event_payload not found in event. Skipping.
INFO:root:Received batch of 3 event(s).
INFO:root:1...
INFO:root:Event attributes: ['ByteSize', 'Clear', 'ClearExtension', 'ClearField', 'CopyFrom', 'DESCRIPTOR', 'DiscardUnknownFields', 'FindInitializationErrors', 'FromString', 'HasExtension', 'HasField', 'IsInitialized', 'ListFields', 'MergeFrom', 'MergeFromString', 'ParseFromString', 'SerializePartialToString', 'SerializeToString', 'SetInParent', 'UnknownFields', 'WhichOneof', '_CheckCalledFromGeneratedFile', '_ListFieldsItemKey', '_SetListener', '__class__', '__contains__', '__deepcopy__', '__delattr__', '__dir__', '__doc__', '__eq__', '__firstlineno__', '__format__', '__ge__', '__getattribute__', '__getstate__', '__gt__', '__hash__', '__init__', '__init_subclass__', '__le__', '__lt__', '__module__', '__ne__', '__new__', '__reduce__', '__reduce_ex__', '__repr__', '__setattr__', '__setstate__', '__sizeof__', '__slots__', '__static_attributes__', '__str__', '__subclasshook__', '__unicode__', 'event', 'replay_id']
INFO:root:Event details: {'DESCRIPTOR': <google._upb._message.Descriptor object at 0x0000021AD03BBAB0>, '__module__': 'pubsub_api_pb2', '__slots__': (), '__doc__': None}
INFO:root:Field: event | Value: id: "8ffb6f40-3ca6-46a4-a99b-d11a8cfba7d2"
schema_id: "RWyditSbYlM2BAnFfzN7wQ"
payload: "\nEvent\002$00UPo00000e59RpMAI\000\0028com/salesforce/api/rest/51.0H000003e4-a086-be41-36a4-53caccf2dbc7\002\220\332\316\247\241f\204\200\376\274\275\206\274\3410$005Po00000PoT5FIAV\000\000\002\0200x800000\000\000\000\000\000\000\000\000\000\000\000\000\000\000\000\000\000\000\000\000\000\000\000\002\220\332\316\247\241f\000\000\000\000\000\000\000\000\000\000\000\000\000\000\000\000\000\000\000\000\000\000\000\000\000\000\000\000\000\000\000\000\000\000\000\000\000\000\000\000\000\000\000\000\000\000\000\000\000\000\000\000\000\000\000\000\000\000\000\000\000\000\000\000\000\000\000\000\000\000\000\000\000\000\000\000"

INFO:root:Field: replay_id | Value: b'\x00\x00\x00\x00\x00\xe5\xdbj\x00\x00'
WARNING:root:event_payload not found in event. Skipping.
INFO:root:1...
INFO:root:Event attributes: ['ByteSize', 'Clear', 'ClearExtension', 'ClearField', 'CopyFrom', 'DESCRIPTOR', 'DiscardUnknownFields', 'FindInitializationErrors', 'FromString', 'HasExtension', 'HasField', 'IsInitialized', 'ListFields', 'MergeFrom', 'MergeFromString', 'ParseFromString', 'SerializePartialToString', 'SerializeToString', 'SetInParent', 'UnknownFields', 'WhichOneof', '_CheckCalledFromGeneratedFile', '_ListFieldsItemKey', '_SetListener', '__class__', '__contains__', '__deepcopy__', '__delattr__', '__dir__', '__doc__', '__eq__', '__firstlineno__', '__format__', '__ge__', '__getattribute__', '__getstate__', '__gt__', '__hash__', '__init__', '__init_subclass__', '__le__', '__lt__', '__module__', '__ne__', '__new__', '__reduce__', '__reduce_ex__', '__repr__', '__setattr__', '__setstate__', '__sizeof__', '__slots__', '__static_attributes__', '__str__', '__subclasshook__', '__unicode__', 'event', 'replay_id']
INFO:root:Event details: {'DESCRIPTOR': <google._upb._message.Descriptor object at 0x0000021AD03BBAB0>, '__module__': 'pubsub_api_pb2', '__slots__': (), '__doc__': None}
INFO:root:Field: event | Value: id: "0aa483fd-64bb-44f4-bef0-7d2f46b9eeac"
schema_id: "RWyditSbYlM2BAnFfzN7wQ"
payload: "\nEvent\002$00UPo00000e4t3iMAA\000\0048com/salesforce/api/rest/51.0H000003e4-a086-be41-36a4-53caccf2dbc7\004\220\332\316\247\241f\204\200\376\274\275\206\274\3410$005Po00000PoT5FIAV\000\000\000\000\000\000\000\000\000\000\000\000\000\000\000\000\000\000\000\000\000\000\000\000\000\000\000\000\000\000\000\000\000\000\000\000\000\000\000\000\000\000\000\000\000\000\000\000\000\000\000\000\000\000\000\000\000\000\000\000\000\000\000\000\000\000\000\000\000\000\000\000\000\000\000\000\000\000\000\000\000\000\000\000\000\000\000\000\000\000\000\000\000\000\000\000\000\000\000\000\000\000"

INFO:root:Field: replay_id | Value: b'\x00\x00\x00\x00\x00\xe5\xdbk\x00\x00'
WARNING:root:event_payload not found in event. Skipping.
INFO:root:1...
INFO:root:Event attributes: ['ByteSize', 'Clear', 'ClearExtension', 'ClearField', 'CopyFrom', 'DESCRIPTOR', 'DiscardUnknownFields', 'FindInitializationErrors', 'FromString', 'HasExtension', 'HasField', 'IsInitialized', 'ListFields', 'MergeFrom', 'MergeFromString', 'ParseFromString', 'SerializePartialToString', 'SerializeToString', 'SetInParent', 'UnknownFields', 'WhichOneof', '_CheckCalledFromGeneratedFile', '_ListFieldsItemKey', '_SetListener', '__class__', '__contains__', '__deepcopy__', '__delattr__', '__dir__', '__doc__', '__eq__', '__firstlineno__', '__format__', '__ge__', '__getattribute__', '__getstate__', '__gt__', '__hash__', '__init__', '__init_subclass__', '__le__', '__lt__', '__module__', '__ne__', '__new__', '__reduce__', '__reduce_ex__', '__repr__', '__setattr__', '__setstate__', '__sizeof__', '__slots__', '__static_attributes__', '__str__', '__subclasshook__', '__unicode__', 'event', 'replay_id']
INFO:root:Event details: {'DESCRIPTOR': <google._upb._message.Descriptor object at 0x0000021AD03BBAB0>, '__module__': 'pubsub_api_pb2', '__slots__': (), '__doc__': None}
INFO:root:Field: event | Value: id: "759edcf8-0eaa-4848-9f85-cabff9a6e661"
schema_id: "RWyditSbYlM2BAnFfzN7wQ"
payload: "\nEvent\002$00UPo00000e59RpMAI\000\0028com/salesforce/api/rest/51.0H000003e4-a086-be41-36a4-53caccf2dbc7\006\220\332\316\247\241f\204\200\376\274\275\206\274\3410$005Po00000PoT5FIAV\000\000\002\0200x100000\000\000\000\000\000\000\000\000\000\000\000\000\000\000\000\000\000\000\000\000\002\0020\000\000\000\000\000\000\000\000\000\000\000\000\000\000\000\000\000\000\000\000\000\000\000\000\000\000\000\000\000\000\000\000\000\000\000\000\000\000\000\000\000\000\000\000\000\000\000\000\000\000\000\000\000\000\000\000\000\000\000\000\000\000\000\000\000\000\000\000\000\000\000\000\000\000\000\000\000\000\000"

INFO:root:Field: replay_id | Value: b'\x00\x00\x00\x00\x00\xe5\xdbl\x00\x00'
WARNING:root:event_payload not found in event. Skipping.
INFO:root:Received batch of 3 event(s).
INFO:root:1...
INFO:root:Event attributes: ['ByteSize', 'Clear', 'ClearExtension', 'ClearField', 'CopyFrom', 'DESCRIPTOR', 'DiscardUnknownFields', 'FindInitializationErrors', 'FromString', 'HasExtension', 'HasField', 'IsInitialized', 'ListFields', 'MergeFrom', 'MergeFromString', 'ParseFromString', 'SerializePartialToString', 'SerializeToString', 'SetInParent', 'UnknownFields', 'WhichOneof', '_CheckCalledFromGeneratedFile', '_ListFieldsItemKey', '_SetListener', '__class__', '__contains__', '__deepcopy__', '__delattr__', '__dir__', '__doc__', '__eq__', '__firstlineno__', '__format__', '__ge__', '__getattribute__', '__getstate__', '__gt__', '__hash__', '__init__', '__init_subclass__', '__le__', '__lt__', '__module__', '__ne__', '__new__', '__reduce__', '__reduce_ex__', '__repr__', '__setattr__', '__setstate__', '__sizeof__', '__slots__', '__static_attributes__', '__str__', '__subclasshook__', '__unicode__', 'event', 'replay_id']
INFO:root:Event details: {'DESCRIPTOR': <google._upb._message.Descriptor object at 0x0000021AD03BBAB0>, '__module__': 'pubsub_api_pb2', '__slots__': (), '__doc__': None}
INFO:root:Field: event | Value: id: "a6e89742-78c3-4672-9bb8-27530c8ff79f"
schema_id: "RWyditSbYlM2BAnFfzN7wQ"
payload: "\nEvent\002$00UPo00000e59RpMAI\000\0028com/salesforce/api/rest/51.0H00022973-5a39-3b8a-4d45-edca7089d3b6\002\260\371\316\247\241f\202\200\216\357\310\206\274\3410$005Po00000PoT5FIAV\000\000\002\0200x900000\000\000\000\000\000\000\000\000\000\000\000\000\000\000\000\000\000\000\000\000\002\0021\000\000\002\260\371\316\247\241f\000\000\000\000\000\000\000\000\000\000\000\000\000\000\000\000\000\000\000\000\000\000\000\000\000\000\000\000\000\000\000\000\000\000\000\000\000\000\000\000\000\000\000\000\000\000\000\000\000\000\000\000\000\000\000\000\000\000\000\000\000\000\000\000\000\000\000\000\000\000\000\000\000\000\000\000"

INFO:root:Field: replay_id | Value: b'\x00\x00\x00\x00\x00\xe5\xdbn\x00\x00'
WARNING:root:event_payload not found in event. Skipping.
INFO:root:1...
INFO:root:Event attributes: ['ByteSize', 'Clear', 'ClearExtension', 'ClearField', 'CopyFrom', 'DESCRIPTOR', 'DiscardUnknownFields', 'FindInitializationErrors', 'FromString', 'HasExtension', 'HasField', 'IsInitialized', 'ListFields', 'MergeFrom', 'MergeFromString', 'ParseFromString', 'SerializePartialToString', 'SerializeToString', 'SetInParent', 'UnknownFields', 'WhichOneof', '_CheckCalledFromGeneratedFile', '_ListFieldsItemKey', '_SetListener', '__class__', '__contains__', '__deepcopy__', '__delattr__', '__dir__', '__doc__', '__eq__', '__firstlineno__', '__format__', '__ge__', '__getattribute__', '__getstate__', '__gt__', '__hash__', '__init__', '__init_subclass__', '__le__', '__lt__', '__module__', '__ne__', '__new__', '__reduce__', '__reduce_ex__', '__repr__', '__setattr__', '__setstate__', '__sizeof__', '__slots__', '__static_attributes__', '__str__', '__subclasshook__', '__unicode__', 'event', 'replay_id']
INFO:root:Event details: {'DESCRIPTOR': <google._upb._message.Descriptor object at 0x0000021AD03BBAB0>, '__module__': 'pubsub_api_pb2', '__slots__': (), '__doc__': None}
INFO:root:Field: event | Value: id: "33e41de2-61d8-4f87-abb7-915e2597f8c7"
schema_id: "RWyditSbYlM2BAnFfzN7wQ"
payload: "\nEvent\002$00UPo00000e5502MAA\000\0008com/salesforce/api/rest/51.0H00022973-5a39-3b8a-4d45-edca7089d3b6\004\260\371\316\247\241f\202\200\216\357\310\206\274\3410$005Po00000PoT5FIAV\000\000\000\002$012Po00000970yzIAA\002$0033t00004D2jkMAAR\002$0013t00002hGiTTAA0\002\002\002\002\002FBlue Owl In-Person | Michael Scheid\000\002\000\002\200\333\331\321\246f\002\200\260\340\216\246f\002<\002\216\003Taylor Spiewak\n\nAssociate\n|\nPrivate Wealth\n| Blue Owl Capital\n\n375 Park Ave, 4th Floor, New York, NY 10152\n\nO:\n+1 212-516-9573\n|\nM:\n+1 917-887-0499\n\nwealth.blueowl.com ( https://wealth.blueowl.com/ )\002$0013t00002hGiTTAA0\002$0053t00000AcFAaAAN\002\016Meeting\002\000\002\010Busy\002\001\002\001\002\0021\002\340\351\316\247\241f\002$005Po00000PoT5FIAV\002\260\371\316\247\241f\002$005Po00000PoT5FIAV\000\002\000\000\000\000\000\000\000\000\000\000\000\002\000\002\000\000\000\000\000\000\000\000\000\000\000\000\000\000\000\000\002$a0vPo00000gggU5IAI\002\000\000\000\002\000\002\000\000\000\000\002\010Open\000\000\002\000\000\002\016Meeting\000\000\000\000\000\000\000\000\000\000\000\000\000\000\000\000\000\000\000\000\000\000\000\000\000\000\000\000\000\002$005Po00000SiXHtIAN\000"

INFO:root:Field: replay_id | Value: b'\x00\x00\x00\x00\x00\xe5\xdbo\x00\x00'
WARNING:root:event_payload not found in event. Skipping.
INFO:root:1...
INFO:root:Event attributes: ['ByteSize', 'Clear', 'ClearExtension', 'ClearField', 'CopyFrom', 'DESCRIPTOR', 'DiscardUnknownFields', 'FindInitializationErrors', 'FromString', 'HasExtension', 'HasField', 'IsInitialized', 'ListFields', 'MergeFrom', 'MergeFromString', 'ParseFromString', 'SerializePartialToString', 'SerializeToString', 'SetInParent', 'UnknownFields', 'WhichOneof', '_CheckCalledFromGeneratedFile', '_ListFieldsItemKey', '_SetListener', '__class__', '__contains__', '__deepcopy__', '__delattr__', '__dir__', '__doc__', '__eq__', '__firstlineno__', '__format__', '__ge__', '__getattribute__', '__getstate__', '__gt__', '__hash__', '__init__', '__init_subclass__', '__le__', '__lt__', '__module__', '__ne__', '__new__', '__reduce__', '__reduce_ex__', '__repr__', '__setattr__', '__setstate__', '__sizeof__', '__slots__', '__static_attributes__', '__str__', '__subclasshook__', '__unicode__', 'event', 'replay_id']
INFO:root:Event details: {'DESCRIPTOR': <google._upb._message.Descriptor object at 0x0000021AD03BBAB0>, '__module__': 'pubsub_api_pb2', '__slots__': (), '__doc__': None}
INFO:root:Field: event | Value: id: "cd77ded6-6490-46c1-a42b-2ac60b5c9444"
schema_id: "RWyditSbYlM2BAnFfzN7wQ"
payload: "\nEvent\002$00UPo00000e59RpMAI\000\0028com/salesforce/api/rest/51.0H00022973-5a39-3b8a-4d45-edca7089d3b6\006\260\371\316\247\241f\202\200\216\357\310\206\274\3410$005Po00000PoT5FIAV\000\000\002\0200x800000\000\000\000\000\000\000\000\000\000\000\000\000\000\000\000\000\000\000\000\000\000\000\000\002\260\371\316\247\241f\000\000\000\000\000\000\000\000\000\000\000\000\000\000\000\000\000\000\000\000\000\000\000\000\000\000\000\000\000\000\000\000\000\000\000\000\000\000\000\000\000\000\000\000\000\000\000\000\000\000\000\000\000\000\000\000\000\000\000\000\000\000\000\000\000\000\000\000\000\000\000\000\000\000\000\000"

INFO:root:Field: replay_id | Value: b'\x00\x00\x00\x00\x00\xe5\xdbp\x00\x00'
WARNING:root:event_payload not found in event. Skipping.













